<?xml version="1.0" encoding="UTF-8"?>
<!-- Generated by org.testng.reporters.JUnitReportReporter -->
<testsuite skipped="0" hostname="TYSS-4F-084" name="com.sample.test.SampleTest" tests="1" failures="0" timestamp="23 Jun 2018 06:13:26 GMT" time="0.009" errors="0">
  <testcase name="createUser" time="0.009" classname="com.sample.test.SampleTest"/>
</testsuite> <!-- com.sample.test.SampleTest -->
